Start testing: Oct 03 18:03 Egypt Daylight Time
----------------------------------------------------------
1/1 Testing: AllTests
1/1 Test: AllTests
Command: "D:/Graduation_Project/Projects_final/RoboBank _Portfolio/build/RoboBankTests.exe"
Directory: D:/Graduation_Project/Projects_final/RoboBank _Portfolio/build
"AllTests" start time: Oct 03 18:03 Egypt Daylight Time
Output:
----------------------------------------------------------
[==========] Running 2 tests from 2 test suites.
[----------] Global test environment set-up.
[----------] 1 test from AdditionTest
[ RUN      ] AdditionTest.BasicAssertions
D:\Graduation_Project\Projects_final\RoboBank _Portfolio\test.cpp(21): error: Expected: (add(1, 1)) != (2), actual: 2 vs 2

[  FAILED  ] AdditionTest.BasicAssertions (0 ms)
[----------] 1 test from AdditionTest (0 ms total)

[----------] 1 test from lol
[ RUN      ] lol.lol2
[       OK ] lol.lol2 (0 ms)
[----------] 1 test from lol (0 ms total)

[----------] Global test environment tear-down
[==========] 2 tests from 2 test suites ran. (1 ms total)
[  PASSED  ] 1 test.
[  FAILED  ] 1 test, listed below:
[  FAILED  ] AdditionTest.BasicAssertions

 1 FAILED TEST
<end of output>
Test time =   0.06 sec
----------------------------------------------------------
Test Failed.
"AllTests" end time: Oct 03 18:03 Egypt Daylight Time
"AllTests" time elapsed: 00:00:00
----------------------------------------------------------

End testing: Oct 03 18:03 Egypt Daylight Time
